# JRE version: OpenJDK Runtime Environment (17.0.10) (build 17.0.10+0--11609105)
# Java VM: OpenJDK 64-Bit Server VM (17.0.10+0--11609105, mixed mode, tiered, compressed oops, compressed class ptrs, g1 gc, windows-amd64)
GC Precious Log:
 CPUs: 4 total, 4 available
 Memory: 3911M
 Large Page Support: Disabled
 NUMA Support: Disabled
 Compressed Oops: Enabled (Zero based)
 Heap Region Size: 2M
 Heap Min Capacity: 8M
 Heap Initial Capacity: 62M
 Heap Max Capacity: 4G
 Pre-touch: Disabled
 Parallel Workers: 4
 Concurrent Workers: 1
 Concurrent Refinement Workers: 4
 Periodic GC: Disabled
Heap:
 garbage-first heap   total 991232K, used 340991K [0x0000000700000000, 0x0000000800000000)
  region size 2048K, 11 young (22528K), 4 survivors (8192K)
 Metaspace       used 158149K, committed 159616K, reserved 1245184K
  class space    used 20669K, committed 21312K, reserved 1048576K
GC Heap History (20 events):
Event: 1070.979 GC heap before
{Heap before GC invocations=121 (full 0):
 garbage-first heap   total 792576K, used 376931K [0x0000000700000000, 0x0000000800000000)
  region size 2048K, 39 young (79872K), 2 survivors (4096K)
 Metaspace       used 157542K, committed 159040K, reserved 1245184K
  class space    used 20624K, committed 21248K, reserved 1048576K
}
Event: 1071.473 GC heap after
{Heap after GC invocations=122 (full 0):
 garbage-first heap   total 792576K, used 302189K [0x0000000700000000, 0x0000000800000000)
  region size 2048K, 2 young (4096K), 2 survivors (4096K)
 Metaspace       used 157542K, committed 159040K, reserved 1245184K
  class space    used 20624K, committed 21248K, reserved 1048576K
}
Event: 1073.895 GC heap before
{Heap before GC invocations=122 (full 0):
 garbage-first heap   total 792576K, used 337005K [0x0000000700000000, 0x0000000800000000)
  region size 2048K, 19 young (38912K), 2 survivors (4096K)
 Metaspace       used 157554K, committed 159040K, reserved 1245184K
  class space    used 20627K, committed 21248K, reserved 1048576K
}
Event: 1073.934 GC heap after
{Heap after GC invocations=123 (full 0):
 garbage-first heap   total 792576K, used 302351K [0x0000000700000000, 0x0000000800000000)
  region size 2048K, 1 young (2048K), 1 survivors (2048K)
 Metaspace       used 157554K, committed 159040K, reserved 1245184K
  class space    used 20627K, committed 21248K, reserved 1048576K
}
Event: 1076.130 GC heap before
{Heap before GC invocations=123 (full 0):
 garbage-first heap   total 792576K, used 339215K [0x0000000700000000, 0x0000000800000000)
  region size 2048K, 19 young (38912K), 1 survivors (2048K)
 Metaspace       used 157581K, committed 159040K, reserved 1245184K
  class space    used 20628K, committed 21248K, reserved 1048576K
}
Event: 1076.145 GC heap after
{Heap after GC invocations=124 (full 0):
 garbage-first heap   total 792576K, used 302765K [0x0000000700000000, 0x0000000800000000)
  region size 2048K, 2 young (4096K), 2 survivors (4096K)
 Metaspace       used 157581K, committed 159040K, reserved 1245184K
  class space    used 20628K, committed 21248K, reserved 1048576K
}
Event: 1084.265 GC heap before
{Heap before GC invocations=124 (full 0):
 garbage-first heap   total 792576K, used 353965K [0x0000000700000000, 0x0000000800000000)
  region size 2048K, 28 young (57344K), 2 survivors (4096K)
 Metaspace       used 157609K, committed 159104K, reserved 1245184K
  class space    used 20628K, committed 21248K, reserved 1048576K
}
Event: 1084.299 GC heap after
{Heap after GC invocations=125 (full 0):
 garbage-first heap   total 792576K, used 306550K [0x0000000700000000, 0x0000000800000000)
  region size 2048K, 3 young (6144K), 3 survivors (6144K)
 Metaspace       used 157609K, committed 159104K, reserved 1245184K
  class space    used 20628K, committed 21248K, reserved 1048576K
}
Event: 1096.297 GC heap before
{Heap before GC invocations=125 (full 0):
 garbage-first heap   total 792576K, used 388470K [0x0000000700000000, 0x0000000800000000)
  region size 2048K, 44 young (90112K), 3 survivors (6144K)
 Metaspace       used 157639K, committed 159104K, reserved 1245184K
  class space    used 20630K, committed 21248K, reserved 1048576K
}
Event: 1096.465 GC heap after
{Heap after GC invocations=126 (full 0):
 garbage-first heap   total 792576K, used 313143K [0x0000000700000000, 0x0000000800000000)
  region size 2048K, 6 young (12288K), 6 survivors (12288K)
 Metaspace       used 157639K, committed 159104K, reserved 1245184K
  class space    used 20630K, committed 21248K, reserved 1048576K
}
Event: 1098.817 GC heap before
{Heap before GC invocations=126 (full 0):
 garbage-first heap   total 792576K, used 339767K [0x0000000700000000, 0x0000000800000000)
  region size 2048K, 19 young (38912K), 6 survivors (12288K)
 Metaspace       used 157643K, committed 159104K, reserved 1245184K
  class space    used 20630K, committed 21248K, reserved 1048576K
}
Event: 1099.042 GC heap after
{Heap after GC invocations=127 (full 0):
 garbage-first heap   total 792576K, used 314807K [0x0000000700000000, 0x0000000800000000)
  region size 2048K, 2 young (4096K), 2 survivors (4096K)
 Metaspace       used 157643K, committed 159104K, reserved 1245184K
  class space    used 20630K, committed 21248K, reserved 1048576K
}
Event: 1106.652 GC heap before
{Heap before GC invocations=127 (full 0):
 garbage-first heap   total 792576K, used 415159K [0x0000000700000000, 0x0000000800000000)
  region size 2048K, 51 young (104448K), 2 survivors (4096K)
 Metaspace       used 157826K, committed 159296K, reserved 1245184K
  class space    used 20633K, committed 21248K, reserved 1048576K
}
Event: 1106.736 GC heap after
{Heap after GC invocations=128 (full 0):
 garbage-first heap   total 792576K, used 317306K [0x0000000700000000, 0x0000000800000000)
  region size 2048K, 3 young (6144K), 3 survivors (6144K)
 Metaspace       used 157826K, committed 159296K, reserved 1245184K
  class space    used 20633K, committed 21248K, reserved 1048576K
}
Event: 1126.015 GC heap before
{Heap before GC invocations=128 (full 0):
 garbage-first heap   total 792576K, used 419706K [0x0000000700000000, 0x0000000800000000)
  region size 2048K, 54 young (110592K), 3 survivors (6144K)
 Metaspace       used 157901K, committed 159360K, reserved 1245184K
  class space    used 20645K, committed 21248K, reserved 1048576K
}
Event: 1126.295 GC heap after
{Heap after GC invocations=129 (full 0):
 garbage-first heap   total 792576K, used 322854K [0x0000000700000000, 0x0000000800000000)
  region size 2048K, 6 young (12288K), 6 survivors (12288K)
 Metaspace       used 157901K, committed 159360K, reserved 1245184K
  class space    used 20645K, committed 21248K, reserved 1048576K
}
Event: 1130.615 GC heap before
{Heap before GC invocations=129 (full 0):
 garbage-first heap   total 792576K, used 347430K [0x0000000700000000, 0x0000000800000000)
  region size 2048K, 19 young (38912K), 6 survivors (12288K)
 Metaspace       used 157909K, committed 159360K, reserved 1245184K
  class space    used 20645K, committed 21248K, reserved 1048576K
}
Event: 1130.788 GC heap after
{Heap after GC invocations=130 (full 0):
 garbage-first heap   total 792576K, used 324859K [0x0000000700000000, 0x0000000800000000)
  region size 2048K, 2 young (4096K), 2 survivors (4096K)
 Metaspace       used 157909K, committed 159360K, reserved 1245184K
  class space    used 20645K, committed 21248K, reserved 1048576K
}
Event: 1156.072 GC heap before
{Heap before GC invocations=130 (full 0):
 garbage-first heap   total 792576K, used 460027K [0x0000000700000000, 0x0000000800000000)
  region size 2048K, 68 young (139264K), 2 survivors (4096K)
 Metaspace       used 158142K, committed 159616K, reserved 1245184K
  class space    used 20668K, committed 21312K, reserved 1048576K
}
Event: 1156.415 GC heap after
{Heap after GC invocations=131 (full 0):
 garbage-first heap   total 991232K, used 328703K [0x0000000700000000, 0x0000000800000000)
  region size 2048K, 4 young (8192K), 4 survivors (8192K)
 Metaspace       used 158142K, committed 159616K, reserved 1245184K
  class space    used 20668K, committed 21312K, reserved 1048576K
}

