# JRE version: OpenJDK Runtime Environment (17.0.10) (build 17.0.10+0--11609105)
# Java VM: OpenJDK 64-Bit Server VM (17.0.10+0--11609105, mixed mode, tiered, compressed oops, compressed class ptrs, g1 gc, windows-amd64)
GC Precious Log:
 CPUs: 4 total, 4 available
 Memory: 3911M
 Large Page Support: Disabled
 NUMA Support: Disabled
 Compressed Oops: Enabled (Zero based)
 Heap Region Size: 2M
 Heap Min Capacity: 8M
 Heap Initial Capacity: 62M
 Heap Max Capacity: 4G
 Pre-touch: Disabled
 Parallel Workers: 4
 Concurrent Workers: 1
 Concurrent Refinement Workers: 4
 Periodic GC: Disabled
Heap:
 garbage-first heap   total 126976K, used 76631K [0x0000000700000000, 0x0000000800000000)
  region size 2048K, 3 young (6144K), 2 survivors (4096K)
 Metaspace       used 68126K, committed 68736K, reserved 1114112K
  class space    used 9257K, committed 9536K, reserved 1048576K
GC Heap History (20 events):
Event: 746.802 GC heap before
{Heap before GC invocations=39 (full 0):
 garbage-first heap   total 71680K, used 57269K [0x0000000700000000, 0x0000000800000000)
  region size 2048K, 11 young (22528K), 2 survivors (4096K)
 Metaspace       used 65294K, committed 65856K, reserved 1114112K
  class space    used 8964K, committed 9216K, reserved 1048576K
}
Event: 747.001 GC heap after
{Heap after GC invocations=40 (full 0):
 garbage-first heap   total 71680K, used 40974K [0x0000000700000000, 0x0000000800000000)
  region size 2048K, 2 young (4096K), 2 survivors (4096K)
 Metaspace       used 65294K, committed 65856K, reserved 1114112K
  class space    used 8964K, committed 9216K, reserved 1048576K
}
Event: 768.784 GC heap before
{Heap before GC invocations=40 (full 0):
 garbage-first heap   total 71680K, used 53262K [0x0000000700000000, 0x0000000800000000)
  region size 2048K, 9 young (18432K), 2 survivors (4096K)
 Metaspace       used 65537K, committed 66048K, reserved 1114112K
  class space    used 8969K, committed 9216K, reserved 1048576K
}
Event: 769.022 GC heap after
{Heap after GC invocations=41 (full 0):
 garbage-first heap   total 71680K, used 42259K [0x0000000700000000, 0x0000000800000000)
  region size 2048K, 1 young (2048K), 1 survivors (2048K)
 Metaspace       used 65537K, committed 66048K, reserved 1114112K
  class space    used 8969K, committed 9216K, reserved 1048576K
}
Event: 776.141 GC heap before
{Heap before GC invocations=42 (full 0):
 garbage-first heap   total 75776K, used 46355K [0x0000000700000000, 0x0000000800000000)
  region size 2048K, 4 young (8192K), 1 survivors (2048K)
 Metaspace       used 65574K, committed 66112K, reserved 1114112K
  class space    used 8970K, committed 9216K, reserved 1048576K
}
Event: 776.204 GC heap after
{Heap after GC invocations=43 (full 0):
 garbage-first heap   total 75776K, used 43459K [0x0000000700000000, 0x0000000800000000)
  region size 2048K, 1 young (2048K), 1 survivors (2048K)
 Metaspace       used 65574K, committed 66112K, reserved 1114112K
  class space    used 8970K, committed 9216K, reserved 1048576K
}
Event: 785.248 GC heap before
{Heap before GC invocations=44 (full 0):
 garbage-first heap   total 81920K, used 47555K [0x0000000700000000, 0x0000000800000000)
  region size 2048K, 4 young (8192K), 1 survivors (2048K)
 Metaspace       used 65583K, committed 66112K, reserved 1114112K
  class space    used 8970K, committed 9216K, reserved 1048576K
}
Event: 785.269 GC heap after
{Heap after GC invocations=45 (full 0):
 garbage-first heap   total 81920K, used 48774K [0x0000000700000000, 0x0000000800000000)
  region size 2048K, 2 young (4096K), 2 survivors (4096K)
 Metaspace       used 65583K, committed 66112K, reserved 1114112K
  class space    used 8970K, committed 9216K, reserved 1048576K
}
Event: 790.264 GC heap before
{Heap before GC invocations=46 (full 0):
 garbage-first heap   total 92160K, used 54918K [0x0000000700000000, 0x0000000800000000)
  region size 2048K, 5 young (10240K), 2 survivors (4096K)
 Metaspace       used 65584K, committed 66112K, reserved 1114112K
  class space    used 8970K, committed 9216K, reserved 1048576K
}
Event: 790.302 GC heap after
{Heap after GC invocations=47 (full 0):
 garbage-first heap   total 92160K, used 55681K [0x0000000700000000, 0x0000000800000000)
  region size 2048K, 1 young (2048K), 1 survivors (2048K)
 Metaspace       used 65584K, committed 66112K, reserved 1114112K
  class space    used 8970K, committed 9216K, reserved 1048576K
}
Event: 807.912 GC heap before
{Heap before GC invocations=48 (full 0):
 garbage-first heap   total 102400K, used 65921K [0x0000000700000000, 0x0000000800000000)
  region size 2048K, 6 young (12288K), 1 survivors (2048K)
 Metaspace       used 66064K, committed 66624K, reserved 1114112K
  class space    used 9034K, committed 9280K, reserved 1048576K
}
Event: 807.941 GC heap after
{Heap after GC invocations=49 (full 0):
 garbage-first heap   total 102400K, used 59775K [0x0000000700000000, 0x0000000800000000)
  region size 2048K, 1 young (2048K), 1 survivors (2048K)
 Metaspace       used 66064K, committed 66624K, reserved 1114112K
  class space    used 9034K, committed 9280K, reserved 1048576K
}
Event: 816.713 GC heap before
{Heap before GC invocations=49 (full 0):
 garbage-first heap   total 102400K, used 72063K [0x0000000700000000, 0x0000000800000000)
  region size 2048K, 7 young (14336K), 1 survivors (2048K)
 Metaspace       used 66307K, committed 66880K, reserved 1114112K
  class space    used 9057K, committed 9344K, reserved 1048576K
}
Event: 816.758 GC heap after
{Heap after GC invocations=50 (full 0):
 garbage-first heap   total 102400K, used 62043K [0x0000000700000000, 0x0000000800000000)
  region size 2048K, 1 young (2048K), 1 survivors (2048K)
 Metaspace       used 66307K, committed 66880K, reserved 1114112K
  class space    used 9057K, committed 9344K, reserved 1048576K
}
Event: 825.081 GC heap before
{Heap before GC invocations=51 (full 0):
 garbage-first heap   total 110592K, used 72283K [0x0000000700000000, 0x0000000800000000)
  region size 2048K, 7 young (14336K), 1 survivors (2048K)
 Metaspace       used 66592K, committed 67136K, reserved 1114112K
  class space    used 9064K, committed 9344K, reserved 1048576K
}
Event: 825.122 GC heap after
{Heap after GC invocations=52 (full 0):
 garbage-first heap   total 110592K, used 64025K [0x0000000700000000, 0x0000000800000000)
  region size 2048K, 1 young (2048K), 1 survivors (2048K)
 Metaspace       used 66592K, committed 67136K, reserved 1114112K
  class space    used 9064K, committed 9344K, reserved 1048576K
}
Event: 830.794 GC heap before
{Heap before GC invocations=52 (full 0):
 garbage-first heap   total 110592K, used 70169K [0x0000000700000000, 0x0000000800000000)
  region size 2048K, 5 young (10240K), 1 survivors (2048K)
 Metaspace       used 66738K, committed 67392K, reserved 1114112K
  class space    used 9081K, committed 9344K, reserved 1048576K
}
Event: 830.808 GC heap after
{Heap after GC invocations=53 (full 0):
 garbage-first heap   total 110592K, used 64447K [0x0000000700000000, 0x0000000800000000)
  region size 2048K, 2 young (4096K), 2 survivors (4096K)
 Metaspace       used 66738K, committed 67392K, reserved 1114112K
  class space    used 9081K, committed 9344K, reserved 1048576K
}
Event: 831.764 GC heap before
{Heap before GC invocations=54 (full 0):
 garbage-first heap   total 120832K, used 66495K [0x0000000700000000, 0x0000000800000000)
  region size 2048K, 3 young (6144K), 2 survivors (4096K)
 Metaspace       used 66738K, committed 67392K, reserved 1114112K
  class space    used 9081K, committed 9344K, reserved 1048576K
}
Event: 831.793 GC heap after
{Heap after GC invocations=55 (full 0):
 garbage-first heap   total 120832K, used 67674K [0x0000000700000000, 0x0000000800000000)
  region size 2048K, 1 young (2048K), 1 survivors (2048K)
 Metaspace       used 66738K, committed 67392K, reserved 1114112K
  class space    used 9081K, committed 9344K, reserved 1048576K
}

